Module path:  Environments.OOH.Parcelpoint_py Parcelpoint_py
Dynamically loaded from:  <class 'Environments.OOH.Parcelpoint_py.Parcelpoint_py'>

 Note: the HGS python implementation (hygese 0.0.0.8) throws an assertion error for coords<0, you will need to outcomment this check in hygese.py 

Module path:  Src.Algorithms.Baseline Baseline
Dynamically loaded from:  <class 'Src.Algorithms.Baseline.Baseline'>
Number of GPUs available:  1
=====Configurations=====
 Namespace(seed=1234, save_count=2, log_output='term_file', debug=True, save_model=True, timestamp='7|6|9:50:56', folder_suffix='default', experiment='run', algo_name='Baseline', gpu=1, env_name='Parcelpoint_py', max_episodes=2, max_steps_r=700, max_steps_p=0.5, load_data=True, city='Seattle', data_seed=0, pricing=True, max_price=3.0, min_price=-3.0, k=0, n_vehicles=2, veh_capacity=60, parcelpoint_capacity=100000, incentive_sens=-0.25, base_util=-2.0, home_util=3.55, revenue=90, fuel_cost=0.3, truck_speed=30, del_time=5.0, driver_wage=25, home_failure=0.1, failure_cost=10.0, reopt=10000000, hgs_reopt_time=2.1, hgs_final_time=6.3, grid_dim=10, n_input_layers=3, only_phase_one=False, initial_phase_epochs=11, buffer_size=100000, batch_size=8, learning_rate=0.001, init_theta_cnn=1.0, cool_theta_cnn=0.0014285714285714286, optim='adam', use3d_conv=False, n_filters=16, dropout=0.1, init_theta=1.0, cool_theta=0.0014285714285714286, save_routes=False, price_pp=0.0, price_home=-0.0)
State space: 4
time required for 1 episodes :6.322971820831299
0.8235294117647058
time required for 1 episodes :6.316652774810791
0.8151260504201681
18.318100929260254
[4;33mReloaded modules[24m: Src.Utils, Environments, Environments.OOH, Environments.OOH.containers, Src.Utils.Utils, Src.config, Environments.OOH.env_utils, Environments.OOH.customerchoice, Environments.OOH.Parcelpoint_py, Src.Algorithms.Agent, Src.Algorithms.Baseline, Src.parser[0m
> [0;32mc:\onedrive - university of twente\documenten\research\parcelpoint\ooh_code\run.py[0m(1)[0;36m<module>[0;34m()[0m
[0;32m----> 1 [0;31m[0;32mimport[0m [0mnumpy[0m [0;32mas[0m [0mnp[0m[0;34m[0m[0;34m[0m[0m
[0m[0;32m      2 [0;31m[0;32mimport[0m [0mSrc[0m[0;34m.[0m[0mUtils[0m[0;34m.[0m[0mUtils[0m [0;32mas[0m [0mUtils[0m[0;34m[0m[0;34m[0m[0m
[0m[0;32m      3 [0;31m[0;32mfrom[0m [0mSrc[0m[0;34m.[0m[0mparser[0m [0;32mimport[0m [0mParser[0m[0;34m[0m[0;34m[0m[0m
[0m[0;32m      4 [0;31m[0;32mfrom[0m [0mSrc[0m[0;34m.[0m[0mconfig[0m [0;32mimport[0m [0mConfig[0m[0;34m[0m[0;34m[0m[0m
[0m[0;32m      5 [0;31m[0;32mfrom[0m [0mtime[0m [0;32mimport[0m [0mtime[0m[0;34m[0m[0;34m[0m[0m
[0m
Module path:  Environments.OOH.Parcelpoint_py Parcelpoint_py
Dynamically loaded from:  <class 'Environments.OOH.Parcelpoint_py.Parcelpoint_py'>

 Note: the HGS python implementation (hygese 0.0.0.8) throws an assertion error for coords<0, you will need to outcomment this check in hygese.py 

Module path:  Src.Algorithms.Heuristic Heuristic
Dynamically loaded from:  <class 'Src.Algorithms.Heuristic.Heuristic'>
Number of GPUs available:  1
=====Configurations=====
 Namespace(seed=1234, save_count=2, log_output='term_file', debug=True, save_model=True, timestamp='7|6|9:53:3', folder_suffix='default', experiment='run', algo_name='Heuristic', gpu=1, env_name='Parcelpoint_py', max_episodes=2, max_steps_r=700, max_steps_p=0.5, load_data=True, city='Seattle', data_seed=0, pricing=True, max_price=3.0, min_price=-3.0, k=0, n_vehicles=2, veh_capacity=60, parcelpoint_capacity=100000, incentive_sens=-0.25, base_util=-2.0, home_util=3.55, revenue=45, fuel_cost=0.3, truck_speed=30, del_time=5.0, driver_wage=25, home_failure=0.1, failure_cost=10.0, reopt=10000000, hgs_reopt_time=2.1, hgs_final_time=6.3, grid_dim=10, n_input_layers=3, only_phase_one=False, initial_phase_epochs=11, buffer_size=100000, batch_size=8, learning_rate=0.001, init_theta_cnn=1.0, cool_theta_cnn=0.0014285714285714286, optim='adam', use3d_conv=False, n_filters=16, dropout=0.1, init_theta=1.0, cool_theta=0.0014285714285714286, save_routes=False, price_pp=0.0, price_home=-0.0)
State space: 4
