Module path:  Environments.OOH.Parcelpoint_py Parcelpoint_py
Dynamically loaded from:  <class 'Environments.OOH.Parcelpoint_py.Parcelpoint_py'>

 Note: the HGS python implementation (hygese 0.0.0.8) throws an assertion error for coords<0, you will need to outcomment this check in hygese.py 

Module path:  Src.Algorithms.Heuristic Heuristic
Dynamically loaded from:  <class 'Src.Algorithms.Heuristic.Heuristic'>
=====Configurations=====
 Namespace(seed=1234, save_count=1000, optim='sgd', log_output='term_file', debug=True, save_model=True, timestamp='6|12|14:47:41', folder_suffix='default', experiment='run', algo_name='Heuristic', env_name='Parcelpoint_py', max_episodes=3000, max_steps_r=700, max_steps_p=0.5, load_data=True, city='Austin', data_seed=0, pricing=True, max_price=5.0, min_price=-5.0, k=1, n_vehicles=2, veh_capacity=20, parcelpoint_capacity=25, incentive_sens=-0.99, base_util=0.2, home_util=0.3, revenue=0.4, fuel_cost=0.1, truck_speed=40, del_time=5, driver_wage=25, reopt=50, grid_dim=50, only_phase_one=False, buffer_size=100, batch_size=1, init_theta_cnn=1.0, cool_theta_cnn=True, load_embed=False, save_routes=False, init_theta=1.0, cool_theta=0.0006666666666666666, offer_all=False)
Actions space: 1048576 :: State space: 4
[4;33mReloaded modules[24m: Src.Utils, Environments, Environments.OOH, Environments.OOH.containers, Src.Utils.Utils, Src.config, Environments.OOH.env_utils, Environments.OOH.customerchoice, Environments.OOH.Parcelpoint_py, Src.Algorithms.Agent, Src.parser, Src.Algorithms.Heuristic[0m
> [0;32mc:\onedrive - university of twente\documenten\research\parcelpoint\ooh_code\run.py[0m(1)[0;36m<module>[0;34m()[0m
[0;32m----> 1 [0;31m[0;32mimport[0m [0mnumpy[0m [0;32mas[0m [0mnp[0m[0;34m[0m[0;34m[0m[0m
[0m[0;32m      2 [0;31m[0;32mimport[0m [0mSrc[0m[0;34m.[0m[0mUtils[0m[0;34m.[0m[0mUtils[0m [0;32mas[0m [0mUtils[0m[0;34m[0m[0;34m[0m[0m
[0m[0;32m      3 [0;31m[0;32mfrom[0m [0mSrc[0m[0;34m.[0m[0mparser[0m [0;32mimport[0m [0mParser[0m[0;34m[0m[0;34m[0m[0m
[0m[0;32m      4 [0;31m[0;32mfrom[0m [0mSrc[0m[0;34m.[0m[0mconfig[0m [0;32mimport[0m [0mConfig[0m[0;34m[0m[0;34m[0m[0m
[0m[0;32m      5 [0;31m[0;32mfrom[0m [0mtime[0m [0;32mimport[0m [0mtime[0m[0;34m[0m[0;34m[0m[0m
[0m
> [0;32mc:\onedrive - university of twente\documenten\research\parcelpoint\ooh_code\src\config.py[0m(58)[0;36m__init__[0;34m()[0m
[0;32m     56 [0;31m        [0;31m#load data[0m[0;34m[0m[0;34m[0m[0m
[0m[0;32m     57 [0;31m        [0;32mif[0m [0margs[0m[0;34m.[0m[0mload_data[0m[0;34m:[0m[0;34m[0m[0;34m[0m[0m
[0m[1;31m129[0;32m> 58 [0;31m            [0mself[0m[0;34m.[0m[0mcoords[0m[0;34m,[0m[0mself[0m[0;34m.[0m[0mdist_matrix[0m[0;34m,[0m[0mself[0m[0;34m.[0m[0mn_parcelpoints[0m[0;34m,[0m[0mself[0m[0;34m.[0m[0madjacency[0m [0;34m=[0m [0mUtils[0m[0;34m.[0m[0mload_demand_data[0m[0;34m([0m[0mself[0m[0;34m.[0m[0mpaths[0m[0;34m[[0m[0;34m'root'[0m[0;34m][0m[0;34m,[0m[0margs[0m[0;34m.[0m[0mcity[0m[0;34m,[0m[0margs[0m[0;34m.[0m[0mdata_seed[0m[0;34m)[0m[0;34m[0m[0;34m[0m[0m
[0m[0;32m     59 [0;31m        [0;32melse[0m[0;34m:[0m[0;34m[0m[0;34m[0m[0m
[0m[0;32m     60 [0;31m            [0mself[0m[0;34m.[0m[0mcoords[0m[0;34m,[0m[0mself[0m[0;34m.[0m[0mdist_matrix[0m[0;34m,[0m[0mself[0m[0;34m.[0m[0mn_parcelpoints[0m[0;34m,[0m[0mself[0m[0;34m.[0m[0madjacency[0m [0;34m=[0m [0;34m[[0m[0;34m][0m[0;34m,[0m[0;34m[[0m[0;34m][0m[0;34m,[0m[0;36m6[0m[0;34m,[0m[0mnp[0m[0;34m.[0m[0mones[0m[0;34m([0m[0;36m6[0m[0;34m)[0m[0;34m[0m[0;34m[0m[0m
[0m
Module path:  Environments.OOH.Parcelpoint_py Parcelpoint_py
Dynamically loaded from:  <class 'Environments.OOH.Parcelpoint_py.Parcelpoint_py'>

 Note: the HGS python implementation (hygese 0.0.0.8) throws an assertion error for coords<0, you will need to outcomment this check in hygese.py 

Module path:  Src.Algorithms.CNN CNN
Dynamically loaded from:  <class 'Src.Algorithms.CNN.CNN'>
=====Configurations=====
 Namespace(seed=1234, save_count=1000, optim='sgd', log_output='term_file', debug=True, save_model=True, timestamp='6|12|16:20:49', folder_suffix='default', experiment='run', algo_name='CNN', env_name='Parcelpoint_py', max_episodes=3000, max_steps_r=700, max_steps_p=0.5, load_data=True, city='Austin', data_seed=0, pricing=True, max_price=5.0, min_price=-5.0, k=1, n_vehicles=2, veh_capacity=20, parcelpoint_capacity=25, incentive_sens=-0.99, base_util=0.2, home_util=0.3, revenue=0.4, fuel_cost=0.1, truck_speed=40, del_time=5, driver_wage=25, reopt=50, grid_dim=50, only_phase_one=False, buffer_size=100, batch_size=1, init_theta_cnn=1.0, cool_theta_cnn=True, load_embed=False, save_routes=False, init_theta=1.0, cool_theta=0.0006666666666666666, offer_all=False)
Actions space: 1048576 :: State space: 4
[4;33mReloaded modules[24m: Src.Utils, Environments, Environments.OOH, Environments.OOH.containers, Src.Utils.Utils, Src.parser, Src.config, Environments.OOH.env_utils, Environments.OOH.customerchoice, Environments.OOH.Parcelpoint_py, Src.Algorithms.Agent, Src.Algorithms.CNN[0m
> [0;32mc:\onedrive - university of twente\documenten\research\parcelpoint\ooh_code\run.py[0m(1)[0;36m<module>[0;34m()[0m
[0;32m----> 1 [0;31m[0;32mimport[0m [0mnumpy[0m [0;32mas[0m [0mnp[0m[0;34m[0m[0;34m[0m[0m
[0m[0;32m      2 [0;31m[0;32mimport[0m [0mSrc[0m[0;34m.[0m[0mUtils[0m[0;34m.[0m[0mUtils[0m [0;32mas[0m [0mUtils[0m[0;34m[0m[0;34m[0m[0m
[0m[0;32m      3 [0;31m[0;32mfrom[0m [0mSrc[0m[0;34m.[0m[0mparser[0m [0;32mimport[0m [0mParser[0m[0;34m[0m[0;34m[0m[0m
[0m[0;32m      4 [0;31m[0;32mfrom[0m [0mSrc[0m[0;34m.[0m[0mconfig[0m [0;32mimport[0m [0mConfig[0m[0;34m[0m[0;34m[0m[0m
[0m[0;32m      5 [0;31m[0;32mfrom[0m [0mtime[0m [0;32mimport[0m [0mtime[0m[0;34m[0m[0;34m[0m[0m
[0m
> [0;32mc:\onedrive - university of twente\documenten\research\parcelpoint\ooh_code\src\config.py[0m(58)[0;36m__init__[0;34m()[0m
[0;32m     56 [0;31m        [0;31m#load data[0m[0;34m[0m[0;34m[0m[0m
[0m[0;32m     57 [0;31m        [0;32mif[0m [0margs[0m[0;34m.[0m[0mload_data[0m[0;34m:[0m[0;34m[0m[0;34m[0m[0m
[0m[1;31m129[0;32m> 58 [0;31m            [0mself[0m[0;34m.[0m[0mcoords[0m[0;34m,[0m[0mself[0m[0;34m.[0m[0mdist_matrix[0m[0;34m,[0m[0mself[0m[0;34m.[0m[0mn_parcelpoints[0m[0;34m,[0m[0mself[0m[0;34m.[0m[0madjacency[0m [0;34m=[0m [0mUtils[0m[0;34m.[0m[0mload_demand_data[0m[0;34m([0m[0mself[0m[0;34m.[0m[0mpaths[0m[0;34m[[0m[0;34m'root'[0m[0;34m][0m[0;34m,[0m[0margs[0m[0;34m.[0m[0mcity[0m[0;34m,[0m[0margs[0m[0;34m.[0m[0mdata_seed[0m[0;34m)[0m[0;34m[0m[0;34m[0m[0m
[0m[0;32m     59 [0;31m        [0;32melse[0m[0;34m:[0m[0;34m[0m[0;34m[0m[0m
[0m[0;32m     60 [0;31m            [0mself[0m[0;34m.[0m[0mcoords[0m[0;34m,[0m[0mself[0m[0;34m.[0m[0mdist_matrix[0m[0;34m,[0m[0mself[0m[0;34m.[0m[0mn_parcelpoints[0m[0;34m,[0m[0mself[0m[0;34m.[0m[0madjacency[0m [0;34m=[0m [0;34m[[0m[0;34m][0m[0;34m,[0m[0;34m[[0m[0;34m][0m[0;34m,[0m[0;36m6[0m[0;34m,[0m[0mnp[0m[0;34m.[0m[0mones[0m[0;34m([0m[0;36m6[0m[0;34m)[0m[0;34m[0m[0;34m[0m[0m
[0m
Module path:  Environments.OOH.Parcelpoint_py Parcelpoint_py
Dynamically loaded from:  <class 'Environments.OOH.Parcelpoint_py.Parcelpoint_py'>

 Note: the HGS python implementation (hygese 0.0.0.8) throws an assertion error for coords<0, you will need to outcomment this check in hygese.py 

Module path:  Src.Algorithms.CNN CNN
Dynamically loaded from:  <class 'Src.Algorithms.CNN.CNN'>
=====Configurations=====
 Namespace(seed=1234, save_count=1000, optim='sgd', log_output='term_file', debug=True, save_model=True, timestamp='6|12|16:21:41', folder_suffix='default', experiment='run', algo_name='CNN', env_name='Parcelpoint_py', max_episodes=3000, max_steps_r=700, max_steps_p=0.5, load_data=True, city='Austin', data_seed=0, pricing=True, max_price=5.0, min_price=-5.0, k=1, n_vehicles=2, veh_capacity=20, parcelpoint_capacity=25, incentive_sens=-0.99, base_util=0.2, home_util=0.3, revenue=0.4, fuel_cost=0.1, truck_speed=40, del_time=5, driver_wage=25, reopt=50, grid_dim=50, only_phase_one=False, buffer_size=100, batch_size=1, init_theta_cnn=1.0, cool_theta_cnn=True, load_embed=False, save_routes=False, init_theta=1.0, cool_theta=0.0006666666666666666, offer_all=False)
Actions space: 1048576 :: State space: 4
AttributeError: 'CNN' object has no attribute 'coords'
[4;33mReloaded modules[24m: Src.Utils, Environments, Environments.OOH, Environments.OOH.containers, Src.Utils.Utils, Src.parser, Src.config, Environments.OOH.env_utils, Environments.OOH.customerchoice, Environments.OOH.Parcelpoint_py, Src.Algorithms.Agent, Src.Algorithms.CNN[0m
> [0;32mc:\onedrive - university of twente\documenten\research\parcelpoint\ooh_code\run.py[0m(1)[0;36m<module>[0;34m()[0m
[0;32m----> 1 [0;31m[0;32mimport[0m [0mnumpy[0m [0;32mas[0m [0mnp[0m[0;34m[0m[0;34m[0m[0m
[0m[0;32m      2 [0;31m[0;32mimport[0m [0mSrc[0m[0;34m.[0m[0mUtils[0m[0;34m.[0m[0mUtils[0m [0;32mas[0m [0mUtils[0m[0;34m[0m[0;34m[0m[0m
[0m[0;32m      3 [0;31m[0;32mfrom[0m [0mSrc[0m[0;34m.[0m[0mparser[0m [0;32mimport[0m [0mParser[0m[0;34m[0m[0;34m[0m[0m
[0m[0;32m      4 [0;31m[0;32mfrom[0m [0mSrc[0m[0;34m.[0m[0mconfig[0m [0;32mimport[0m [0mConfig[0m[0;34m[0m[0;34m[0m[0m
[0m[0;32m      5 [0;31m[0;32mfrom[0m [0mtime[0m [0;32mimport[0m [0mtime[0m[0;34m[0m[0;34m[0m[0m
[0m
> [0;32mc:\onedrive - university of twente\documenten\research\parcelpoint\ooh_code\src\config.py[0m(58)[0;36m__init__[0;34m()[0m
[0;32m     56 [0;31m        [0;31m#load data[0m[0;34m[0m[0;34m[0m[0m
[0m[0;32m     57 [0;31m        [0;32mif[0m [0margs[0m[0;34m.[0m[0mload_data[0m[0;34m:[0m[0;34m[0m[0;34m[0m[0m
[0m[1;31m129[0;32m> 58 [0;31m            [0mself[0m[0;34m.[0m[0mcoords[0m[0;34m,[0m[0mself[0m[0;34m.[0m[0mdist_matrix[0m[0;34m,[0m[0mself[0m[0;34m.[0m[0mn_parcelpoints[0m[0;34m,[0m[0mself[0m[0;34m.[0m[0madjacency[0m [0;34m=[0m [0mUtils[0m[0;34m.[0m[0mload_demand_data[0m[0;34m([0m[0mself[0m[0;34m.[0m[0mpaths[0m[0;34m[[0m[0;34m'root'[0m[0;34m][0m[0;34m,[0m[0margs[0m[0;34m.[0m[0mcity[0m[0;34m,[0m[0margs[0m[0;34m.[0m[0mdata_seed[0m[0;34m)[0m[0;34m[0m[0;34m[0m[0m
[0m[0;32m     59 [0;31m        [0;32melse[0m[0;34m:[0m[0;34m[0m[0;34m[0m[0m
[0m[0;32m     60 [0;31m            [0mself[0m[0;34m.[0m[0mcoords[0m[0;34m,[0m[0mself[0m[0;34m.[0m[0mdist_matrix[0m[0;34m,[0m[0mself[0m[0;34m.[0m[0mn_parcelpoints[0m[0;34m,[0m[0mself[0m[0;34m.[0m[0madjacency[0m [0;34m=[0m [0;34m[[0m[0;34m][0m[0;34m,[0m[0;34m[[0m[0;34m][0m[0;34m,[0m[0;36m6[0m[0;34m,[0m[0mnp[0m[0;34m.[0m[0mones[0m[0;34m([0m[0;36m6[0m[0;34m)[0m[0;34m[0m[0;34m[0m[0m
[0m
Module path:  Environments.OOH.Parcelpoint_py Parcelpoint_py
Dynamically loaded from:  <class 'Environments.OOH.Parcelpoint_py.Parcelpoint_py'>

 Note: the HGS python implementation (hygese 0.0.0.8) throws an assertion error for coords<0, you will need to outcomment this check in hygese.py 

Module path:  Src.Algorithms.CNN CNN
Dynamically loaded from:  <class 'Src.Algorithms.CNN.CNN'>
=====Configurations=====
 Namespace(seed=1234, save_count=1000, optim='sgd', log_output='term_file', debug=True, save_model=True, timestamp='6|12|16:22:10', folder_suffix='default', experiment='run', algo_name='CNN', env_name='Parcelpoint_py', max_episodes=3000, max_steps_r=700, max_steps_p=0.5, load_data=True, city='Austin', data_seed=0, pricing=True, max_price=5.0, min_price=-5.0, k=1, n_vehicles=2, veh_capacity=20, parcelpoint_capacity=25, incentive_sens=-0.99, base_util=0.2, home_util=0.3, revenue=0.4, fuel_cost=0.1, truck_speed=40, del_time=5, driver_wage=25, reopt=50, grid_dim=50, only_phase_one=False, buffer_size=100, batch_size=1, init_theta_cnn=1.0, cool_theta_cnn=True, load_embed=False, save_routes=False, init_theta=1.0, cool_theta=0.0006666666666666666, offer_all=False)
Actions space: 1048576 :: State space: 4
[4;33mReloaded modules[24m: Src.Utils, Environments, Environments.OOH, Environments.OOH.containers, Src.Utils.Utils, Src.parser, Src.config, Environments.OOH.env_utils, Environments.OOH.customerchoice, Environments.OOH.Parcelpoint_py, Src.Algorithms.Agent, Src.Algorithms.CNN[0m
> [0;32mc:\onedrive - university of twente\documenten\research\parcelpoint\ooh_code\run.py[0m(1)[0;36m<module>[0;34m()[0m
[0;32m----> 1 [0;31m[0;32mimport[0m [0mnumpy[0m [0;32mas[0m [0mnp[0m[0;34m[0m[0;34m[0m[0m
[0m[0;32m      2 [0;31m[0;32mimport[0m [0mSrc[0m[0;34m.[0m[0mUtils[0m[0;34m.[0m[0mUtils[0m [0;32mas[0m [0mUtils[0m[0;34m[0m[0;34m[0m[0m
[0m[0;32m      3 [0;31m[0;32mfrom[0m [0mSrc[0m[0;34m.[0m[0mparser[0m [0;32mimport[0m [0mParser[0m[0;34m[0m[0;34m[0m[0m
[0m[0;32m      4 [0;31m[0;32mfrom[0m [0mSrc[0m[0;34m.[0m[0mconfig[0m [0;32mimport[0m [0mConfig[0m[0;34m[0m[0;34m[0m[0m
[0m[0;32m      5 [0;31m[0;32mfrom[0m [0mtime[0m [0;32mimport[0m [0mtime[0m[0;34m[0m[0;34m[0m[0m
[0m
> [0;32mc:\onedrive - university of twente\documenten\research\parcelpoint\ooh_code\src\config.py[0m(58)[0;36m__init__[0;34m()[0m
[0;32m     56 [0;31m        [0;31m#load data[0m[0;34m[0m[0;34m[0m[0m
[0m[0;32m     57 [0;31m        [0;32mif[0m [0margs[0m[0;34m.[0m[0mload_data[0m[0;34m:[0m[0;34m[0m[0;34m[0m[0m
[0m[1;31m129[0;32m> 58 [0;31m            [0mself[0m[0;34m.[0m[0mcoords[0m[0;34m,[0m[0mself[0m[0;34m.[0m[0mdist_matrix[0m[0;34m,[0m[0mself[0m[0;34m.[0m[0mn_parcelpoints[0m[0;34m,[0m[0mself[0m[0;34m.[0m[0madjacency[0m [0;34m=[0m [0mUtils[0m[0;34m.[0m[0mload_demand_data[0m[0;34m([0m[0mself[0m[0;34m.[0m[0mpaths[0m[0;34m[[0m[0;34m'root'[0m[0;34m][0m[0;34m,[0m[0margs[0m[0;34m.[0m[0mcity[0m[0;34m,[0m[0margs[0m[0;34m.[0m[0mdata_seed[0m[0;34m)[0m[0;34m[0m[0;34m[0m[0m
[0m[0;32m     59 [0;31m        [0;32melse[0m[0;34m:[0m[0;34m[0m[0;34m[0m[0m
[0m[0;32m     60 [0;31m            [0mself[0m[0;34m.[0m[0mcoords[0m[0;34m,[0m[0mself[0m[0;34m.[0m[0mdist_matrix[0m[0;34m,[0m[0mself[0m[0;34m.[0m[0mn_parcelpoints[0m[0;34m,[0m[0mself[0m[0;34m.[0m[0madjacency[0m [0;34m=[0m [0;34m[[0m[0;34m][0m[0;34m,[0m[0;34m[[0m[0;34m][0m[0;34m,[0m[0;36m6[0m[0;34m,[0m[0mnp[0m[0;34m.[0m[0mones[0m[0;34m([0m[0;36m6[0m[0;34m)[0m[0;34m[0m[0;34m[0m[0m
[0m
Module path:  Environments.OOH.Parcelpoint_py Parcelpoint_py
Dynamically loaded from:  <class 'Environments.OOH.Parcelpoint_py.Parcelpoint_py'>

 Note: the HGS python implementation (hygese 0.0.0.8) throws an assertion error for coords<0, you will need to outcomment this check in hygese.py 

Module path:  Src.Algorithms.CNN CNN
Dynamically loaded from:  <class 'Src.Algorithms.CNN.CNN'>
=====Configurations=====
 Namespace(seed=1234, save_count=1000, optim='sgd', log_output='term_file', debug=True, save_model=True, timestamp='6|12|16:23:1', folder_suffix='default', experiment='run', algo_name='CNN', env_name='Parcelpoint_py', max_episodes=3000, max_steps_r=700, max_steps_p=0.5, load_data=True, city='Austin', data_seed=0, pricing=True, max_price=5.0, min_price=-5.0, k=1, n_vehicles=2, veh_capacity=20, parcelpoint_capacity=25, incentive_sens=-0.99, base_util=0.2, home_util=0.3, revenue=0.4, fuel_cost=0.1, truck_speed=40, del_time=5, driver_wage=25, reopt=50, grid_dim=50, only_phase_one=False, buffer_size=100, batch_size=1, init_theta_cnn=1.0, cool_theta_cnn=True, load_embed=False, save_routes=False, init_theta=1.0, cool_theta=0.0006666666666666666, offer_all=False)
Actions space: 1048576 :: State space: 4
[4;33mReloaded modules[24m: Src.Utils, Environments, Environments.OOH, Environments.OOH.containers, Src.Utils.Utils, Src.parser, Src.config, Environments.OOH.env_utils, Environments.OOH.customerchoice, Environments.OOH.Parcelpoint_py, Src.Algorithms.Agent, Src.Algorithms.CNN[0m
> [0;32mc:\onedrive - university of twente\documenten\research\parcelpoint\ooh_code\run.py[0m(1)[0;36m<module>[0;34m()[0m
[0;32m----> 1 [0;31m[0;32mimport[0m [0mnumpy[0m [0;32mas[0m [0mnp[0m[0;34m[0m[0;34m[0m[0m
[0m[0;32m      2 [0;31m[0;32mimport[0m [0mSrc[0m[0;34m.[0m[0mUtils[0m[0;34m.[0m[0mUtils[0m [0;32mas[0m [0mUtils[0m[0;34m[0m[0;34m[0m[0m
[0m[0;32m      3 [0;31m[0;32mfrom[0m [0mSrc[0m[0;34m.[0m[0mparser[0m [0;32mimport[0m [0mParser[0m[0;34m[0m[0;34m[0m[0m
[0m[0;32m      4 [0;31m[0;32mfrom[0m [0mSrc[0m[0;34m.[0m[0mconfig[0m [0;32mimport[0m [0mConfig[0m[0;34m[0m[0;34m[0m[0m
[0m[0;32m      5 [0;31m[0;32mfrom[0m [0mtime[0m [0;32mimport[0m [0mtime[0m[0;34m[0m[0;34m[0m[0m
[0m
> [0;32mc:\onedrive - university of twente\documenten\research\parcelpoint\ooh_code\src\config.py[0m(58)[0;36m__init__[0;34m()[0m
[0;32m     56 [0;31m        [0;31m#load data[0m[0;34m[0m[0;34m[0m[0m
[0m[0;32m     57 [0;31m        [0;32mif[0m [0margs[0m[0;34m.[0m[0mload_data[0m[0;34m:[0m[0;34m[0m[0;34m[0m[0m
[0m[1;31m129[0;32m> 58 [0;31m            [0mself[0m[0;34m.[0m[0mcoords[0m[0;34m,[0m[0mself[0m[0;34m.[0m[0mdist_matrix[0m[0;34m,[0m[0mself[0m[0;34m.[0m[0mn_parcelpoints[0m[0;34m,[0m[0mself[0m[0;34m.[0m[0madjacency[0m [0;34m=[0m [0mUtils[0m[0;34m.[0m[0mload_demand_data[0m[0;34m([0m[0mself[0m[0;34m.[0m[0mpaths[0m[0;34m[[0m[0;34m'root'[0m[0;34m][0m[0;34m,[0m[0margs[0m[0;34m.[0m[0mcity[0m[0;34m,[0m[0margs[0m[0;34m.[0m[0mdata_seed[0m[0;34m)[0m[0;34m[0m[0;34m[0m[0m
[0m[0;32m     59 [0;31m        [0;32melse[0m[0;34m:[0m[0;34m[0m[0;34m[0m[0m
[0m[0;32m     60 [0;31m            [0mself[0m[0;34m.[0m[0mcoords[0m[0;34m,[0m[0mself[0m[0;34m.[0m[0mdist_matrix[0m[0;34m,[0m[0mself[0m[0;34m.[0m[0mn_parcelpoints[0m[0;34m,[0m[0mself[0m[0;34m.[0m[0madjacency[0m [0;34m=[0m [0;34m[[0m[0;34m][0m[0;34m,[0m[0;34m[[0m[0;34m][0m[0;34m,[0m[0;36m6[0m[0;34m,[0m[0mnp[0m[0;34m.[0m[0mones[0m[0;34m([0m[0;36m6[0m[0;34m)[0m[0;34m[0m[0;34m[0m[0m
[0m
Module path:  Environments.OOH.Parcelpoint_py Parcelpoint_py
Dynamically loaded from:  <class 'Environments.OOH.Parcelpoint_py.Parcelpoint_py'>

 Note: the HGS python implementation (hygese 0.0.0.8) throws an assertion error for coords<0, you will need to outcomment this check in hygese.py 

Module path:  Src.Algorithms.CNN CNN
Dynamically loaded from:  <class 'Src.Algorithms.CNN.CNN'>
=====Configurations=====
 Namespace(seed=1234, save_count=1000, optim='sgd', log_output='term_file', debug=True, save_model=True, timestamp='6|12|16:24:23', folder_suffix='default', experiment='run', algo_name='CNN', env_name='Parcelpoint_py', max_episodes=3000, max_steps_r=700, max_steps_p=0.5, load_data=True, city='Austin', data_seed=0, pricing=True, max_price=5.0, min_price=-5.0, k=1, n_vehicles=2, veh_capacity=20, parcelpoint_capacity=25, incentive_sens=-0.99, base_util=0.2, home_util=0.3, revenue=0.4, fuel_cost=0.1, truck_speed=40, del_time=5, driver_wage=25, reopt=50, grid_dim=50, only_phase_one=False, buffer_size=100, batch_size=1, init_theta_cnn=1.0, cool_theta_cnn=True, load_embed=False, save_routes=False, init_theta=1.0, cool_theta=0.0006666666666666666, offer_all=False)
Actions space: 1048576 :: State space: 4
AttributeError: 'CNN' object has no attribute 'action_rep'
[4;33mReloaded modules[24m: Src.Utils, Environments, Environments.OOH, Environments.OOH.containers, Src.Utils.Utils, Src.parser, Src.config, Environments.OOH.env_utils, Environments.OOH.customerchoice, Environments.OOH.Parcelpoint_py, Src.Algorithms.Agent, Src.Algorithms.CNN[0m
> [0;32mc:\onedrive - university of twente\documenten\research\parcelpoint\ooh_code\run.py[0m(1)[0;36m<module>[0;34m()[0m
[0;32m----> 1 [0;31m[0;32mimport[0m [0mnumpy[0m [0;32mas[0m [0mnp[0m[0;34m[0m[0;34m[0m[0m
[0m[0;32m      2 [0;31m[0;32mimport[0m [0mSrc[0m[0;34m.[0m[0mUtils[0m[0;34m.[0m[0mUtils[0m [0;32mas[0m [0mUtils[0m[0;34m[0m[0;34m[0m[0m
[0m[0;32m      3 [0;31m[0;32mfrom[0m [0mSrc[0m[0;34m.[0m[0mparser[0m [0;32mimport[0m [0mParser[0m[0;34m[0m[0;34m[0m[0m
[0m[0;32m      4 [0;31m[0;32mfrom[0m [0mSrc[0m[0;34m.[0m[0mconfig[0m [0;32mimport[0m [0mConfig[0m[0;34m[0m[0;34m[0m[0m
[0m[0;32m      5 [0;31m[0;32mfrom[0m [0mtime[0m [0;32mimport[0m [0mtime[0m[0;34m[0m[0;34m[0m[0m
[0m
> [0;32mc:\onedrive - university of twente\documenten\research\parcelpoint\ooh_code\src\config.py[0m(58)[0;36m__init__[0;34m()[0m
[0;32m     56 [0;31m        [0;31m#load data[0m[0;34m[0m[0;34m[0m[0m
[0m[0;32m     57 [0;31m        [0;32mif[0m [0margs[0m[0;34m.[0m[0mload_data[0m[0;34m:[0m[0;34m[0m[0;34m[0m[0m
[0m[1;31m129[0;32m> 58 [0;31m            [0mself[0m[0;34m.[0m[0mcoords[0m[0;34m,[0m[0mself[0m[0;34m.[0m[0mdist_matrix[0m[0;34m,[0m[0mself[0m[0;34m.[0m[0mn_parcelpoints[0m[0;34m,[0m[0mself[0m[0;34m.[0m[0madjacency[0m [0;34m=[0m [0mUtils[0m[0;34m.[0m[0mload_demand_data[0m[0;34m([0m[0mself[0m[0;34m.[0m[0mpaths[0m[0;34m[[0m[0;34m'root'[0m[0;34m][0m[0;34m,[0m[0margs[0m[0;34m.[0m[0mcity[0m[0;34m,[0m[0margs[0m[0;34m.[0m[0mdata_seed[0m[0;34m)[0m[0;34m[0m[0;34m[0m[0m
[0m[0;32m     59 [0;31m        [0;32melse[0m[0;34m:[0m[0;34m[0m[0;34m[0m[0m
[0m[0;32m     60 [0;31m            [0mself[0m[0;34m.[0m[0mcoords[0m[0;34m,[0m[0mself[0m[0;34m.[0m[0mdist_matrix[0m[0;34m,[0m[0mself[0m[0;34m.[0m[0mn_parcelpoints[0m[0;34m,[0m[0mself[0m[0;34m.[0m[0madjacency[0m [0;34m=[0m [0;34m[[0m[0;34m][0m[0;34m,[0m[0;34m[[0m[0;34m][0m[0;34m,[0m[0;36m6[0m[0;34m,[0m[0mnp[0m[0;34m.[0m[0mones[0m[0;34m([0m[0;36m6[0m[0;34m)[0m[0;34m[0m[0;34m[0m[0m
[0m
Module path:  Environments.OOH.Parcelpoint_py Parcelpoint_py
Dynamically loaded from:  <class 'Environments.OOH.Parcelpoint_py.Parcelpoint_py'>

 Note: the HGS python implementation (hygese 0.0.0.8) throws an assertion error for coords<0, you will need to outcomment this check in hygese.py 

Module path:  Src.Algorithms.CNN CNN
Dynamically loaded from:  <class 'Src.Algorithms.CNN.CNN'>
=====Configurations=====
 Namespace(seed=1234, save_count=1000, optim='sgd', log_output='term_file', debug=True, save_model=True, timestamp='6|12|16:25:42', folder_suffix='default', experiment='run', algo_name='CNN', env_name='Parcelpoint_py', max_episodes=3000, max_steps_r=700, max_steps_p=0.5, load_data=True, city='Austin', data_seed=0, pricing=True, max_price=5.0, min_price=-5.0, k=1, n_vehicles=2, veh_capacity=20, parcelpoint_capacity=25, incentive_sens=-0.99, base_util=0.2, home_util=0.3, revenue=0.4, fuel_cost=0.1, truck_speed=40, del_time=5, driver_wage=25, reopt=50, grid_dim=50, only_phase_one=False, buffer_size=100, batch_size=1, init_theta_cnn=1.0, cool_theta_cnn=True, load_embed=False, save_routes=False, init_theta=1.0, cool_theta=0.0006666666666666666, offer_all=False)
Actions space: 1048576 :: State space: 4
TypeError: zeros(): argument 'size' must be tuple of ints, but found element of type tuple at pos 2
[4;33mReloaded modules[24m: Src.Utils, Environments, Environments.OOH, Environments.OOH.containers, Src.Utils.Utils, Src.parser, Src.config, Environments.OOH.env_utils, Environments.OOH.customerchoice, Environments.OOH.Parcelpoint_py, Src.Algorithms.Agent, Src.Algorithms.CNN[0m
> [0;32mc:\onedrive - university of twente\documenten\research\parcelpoint\ooh_code\run.py[0m(1)[0;36m<module>[0;34m()[0m
[0;32m----> 1 [0;31m[0;32mimport[0m [0mnumpy[0m [0;32mas[0m [0mnp[0m[0;34m[0m[0;34m[0m[0m
[0m[0;32m      2 [0;31m[0;32mimport[0m [0mSrc[0m[0;34m.[0m[0mUtils[0m[0;34m.[0m[0mUtils[0m [0;32mas[0m [0mUtils[0m[0;34m[0m[0;34m[0m[0m
[0m[0;32m      3 [0;31m[0;32mfrom[0m [0mSrc[0m[0;34m.[0m[0mparser[0m [0;32mimport[0m [0mParser[0m[0;34m[0m[0;34m[0m[0m
[0m[0;32m      4 [0;31m[0;32mfrom[0m [0mSrc[0m[0;34m.[0m[0mconfig[0m [0;32mimport[0m [0mConfig[0m[0;34m[0m[0;34m[0m[0m
[0m[0;32m      5 [0;31m[0;32mfrom[0m [0mtime[0m [0;32mimport[0m [0mtime[0m[0;34m[0m[0;34m[0m[0m
[0m
> [0;32mc:\onedrive - university of twente\documenten\research\parcelpoint\ooh_code\src\config.py[0m(58)[0;36m__init__[0;34m()[0m
[0;32m     56 [0;31m        [0;31m#load data[0m[0;34m[0m[0;34m[0m[0m
[0m[0;32m     57 [0;31m        [0;32mif[0m [0margs[0m[0;34m.[0m[0mload_data[0m[0;34m:[0m[0;34m[0m[0;34m[0m[0m
[0m[1;31m130[0;32m> 58 [0;31m            [0mself[0m[0;34m.[0m[0mcoords[0m[0;34m,[0m[0mself[0m[0;34m.[0m[0mdist_matrix[0m[0;34m,[0m[0mself[0m[0;34m.[0m[0mn_parcelpoints[0m[0;34m,[0m[0mself[0m[0;34m.[0m[0madjacency[0m [0;34m=[0m [0mUtils[0m[0;34m.[0m[0mload_demand_data[0m[0;34m([0m[0mself[0m[0;34m.[0m[0mpaths[0m[0;34m[[0m[0;34m'root'[0m[0;34m][0m[0;34m,[0m[0margs[0m[0;34m.[0m[0mcity[0m[0;34m,[0m[0margs[0m[0;34m.[0m[0mdata_seed[0m[0;34m)[0m[0;34m[0m[0;34m[0m[0m
[0m[0;32m     59 [0;31m        [0;32melse[0m[0;34m:[0m[0;34m[0m[0;34m[0m[0m
[0m[0;32m     60 [0;31m            [0mself[0m[0;34m.[0m[0mcoords[0m[0;34m,[0m[0mself[0m[0;34m.[0m[0mdist_matrix[0m[0;34m,[0m[0mself[0m[0;34m.[0m[0mn_parcelpoints[0m[0;34m,[0m[0mself[0m[0;34m.[0m[0madjacency[0m [0;34m=[0m [0;34m[[0m[0;34m][0m[0;34m,[0m[0;34m[[0m[0;34m][0m[0;34m,[0m[0;36m6[0m[0;34m,[0m[0mnp[0m[0;34m.[0m[0mones[0m[0;34m([0m[0;36m6[0m[0;34m)[0m[0;34m[0m[0;34m[0m[0m
[0m
Module path:  Environments.OOH.Parcelpoint_py Parcelpoint_py
Dynamically loaded from:  <class 'Environments.OOH.Parcelpoint_py.Parcelpoint_py'>

 Note: the HGS python implementation (hygese 0.0.0.8) throws an assertion error for coords<0, you will need to outcomment this check in hygese.py 

Module path:  Src.Algorithms.CNN CNN
Dynamically loaded from:  <class 'Src.Algorithms.CNN.CNN'>
=====Configurations=====
 Namespace(seed=1234, save_count=1000, optim='sgd', log_output='term_file', debug=True, save_model=True, timestamp='6|12|16:26:20', folder_suffix='default', experiment='run', algo_name='CNN', env_name='Parcelpoint_py', max_episodes=3000, max_steps_r=700, max_steps_p=0.5, load_data=True, city='Austin', data_seed=0, pricing=True, max_price=5.0, min_price=-5.0, k=1, n_vehicles=2, veh_capacity=20, parcelpoint_capacity=25, incentive_sens=-0.99, base_util=0.2, home_util=0.3, revenue=0.4, fuel_cost=0.1, truck_speed=40, del_time=5, driver_wage=25, reopt=50, grid_dim=50, only_phase_one=False, buffer_size=100, batch_size=1, init_theta_cnn=1.0, cool_theta_cnn=True, load_embed=False, save_routes=False, init_theta=1.0, cool_theta=0.0006666666666666666, offer_all=False)
Actions space: 1048576 :: State space: 4
TypeError: zeros(): argument 'size' must be tuple of ints, but found element of type tuple at pos 2
[4;33mReloaded modules[24m: Src.Utils, Environments, Environments.OOH, Environments.OOH.containers, Src.Utils.Utils, Src.parser, Src.config, Environments.OOH.env_utils, Environments.OOH.customerchoice, Environments.OOH.Parcelpoint_py, Src.Algorithms.Agent, Src.Algorithms.CNN[0m
> [0;32mc:\onedrive - university of twente\documenten\research\parcelpoint\ooh_code\run.py[0m(1)[0;36m<module>[0;34m()[0m
[0;32m----> 1 [0;31m[0;32mimport[0m [0mnumpy[0m [0;32mas[0m [0mnp[0m[0;34m[0m[0;34m[0m[0m
[0m[0;32m      2 [0;31m[0;32mimport[0m [0mSrc[0m[0;34m.[0m[0mUtils[0m[0;34m.[0m[0mUtils[0m [0;32mas[0m [0mUtils[0m[0;34m[0m[0;34m[0m[0m
[0m[0;32m      3 [0;31m[0;32mfrom[0m [0mSrc[0m[0;34m.[0m[0mparser[0m [0;32mimport[0m [0mParser[0m[0;34m[0m[0;34m[0m[0m
[0m[0;32m      4 [0;31m[0;32mfrom[0m [0mSrc[0m[0;34m.[0m[0mconfig[0m [0;32mimport[0m [0mConfig[0m[0;34m[0m[0;34m[0m[0m
[0m[0;32m      5 [0;31m[0;32mfrom[0m [0mtime[0m [0;32mimport[0m [0mtime[0m[0;34m[0m[0;34m[0m[0m
[0m
> [0;32mc:\onedrive - university of twente\documenten\research\parcelpoint\ooh_code\src\config.py[0m(58)[0;36m__init__[0;34m()[0m
[0;32m     56 [0;31m        [0;31m#load data[0m[0;34m[0m[0;34m[0m[0m
[0m[0;32m     57 [0;31m        [0;32mif[0m [0margs[0m[0;34m.[0m[0mload_data[0m[0;34m:[0m[0;34m[0m[0;34m[0m[0m
[0m[1;31m130[0;32m> 58 [0;31m            [0mself[0m[0;34m.[0m[0mcoords[0m[0;34m,[0m[0mself[0m[0;34m.[0m[0mdist_matrix[0m[0;34m,[0m[0mself[0m[0;34m.[0m[0mn_parcelpoints[0m[0;34m,[0m[0mself[0m[0;34m.[0m[0madjacency[0m [0;34m=[0m [0mUtils[0m[0;34m.[0m[0mload_demand_data[0m[0;34m([0m[0mself[0m[0;34m.[0m[0mpaths[0m[0;34m[[0m[0;34m'root'[0m[0;34m][0m[0;34m,[0m[0margs[0m[0;34m.[0m[0mcity[0m[0;34m,[0m[0margs[0m[0;34m.[0m[0mdata_seed[0m[0;34m)[0m[0;34m[0m[0;34m[0m[0m
[0m[0;32m     59 [0;31m        [0;32melse[0m[0;34m:[0m[0;34m[0m[0;34m[0m[0m
[0m[0;32m     60 [0;31m            [0mself[0m[0;34m.[0m[0mcoords[0m[0;34m,[0m[0mself[0m[0;34m.[0m[0mdist_matrix[0m[0;34m,[0m[0mself[0m[0;34m.[0m[0mn_parcelpoints[0m[0;34m,[0m[0mself[0m[0;34m.[0m[0madjacency[0m [0;34m=[0m [0;34m[[0m[0;34m][0m[0;34m,[0m[0;34m[[0m[0;34m][0m[0;34m,[0m[0;36m6[0m[0;34m,[0m[0mnp[0m[0;34m.[0m[0mones[0m[0;34m([0m[0;36m6[0m[0;34m)[0m[0;34m[0m[0;34m[0m[0m
[0m
Module path:  Environments.OOH.Parcelpoint_py Parcelpoint_py
Dynamically loaded from:  <class 'Environments.OOH.Parcelpoint_py.Parcelpoint_py'>

 Note: the HGS python implementation (hygese 0.0.0.8) throws an assertion error for coords<0, you will need to outcomment this check in hygese.py 

Module path:  Src.Algorithms.CNN CNN
Dynamically loaded from:  <class 'Src.Algorithms.CNN.CNN'>
=====Configurations=====
 Namespace(seed=1234, save_count=1000, optim='sgd', log_output='term_file', debug=True, save_model=True, timestamp='6|12|16:29:37', folder_suffix='default', experiment='run', algo_name='CNN', env_name='Parcelpoint_py', max_episodes=3000, max_steps_r=700, max_steps_p=0.5, load_data=True, city='Austin', data_seed=0, pricing=True, max_price=5.0, min_price=-5.0, k=1, n_vehicles=2, veh_capacity=20, parcelpoint_capacity=25, incentive_sens=-0.99, base_util=0.2, home_util=0.3, revenue=0.4, fuel_cost=0.1, truck_speed=40, del_time=5, driver_wage=25, reopt=50, grid_dim=50, only_phase_one=False, buffer_size=100, batch_size=1, init_theta_cnn=1.0, cool_theta_cnn=True, load_embed=False, save_routes=False, init_theta=1.0, cool_theta=0.0006666666666666666, offer_all=False)
Actions space: 1048576 :: State space: 4
--Call--
[4;33mReloaded modules[24m: Src.Utils, Environments, Environments.OOH, Environments.OOH.containers, Src.Utils.Utils, Src.parser, Src.config, Environments.OOH.env_utils, Environments.OOH.customerchoice, Environments.OOH.Parcelpoint_py, Src.Algorithms.Agent, Src.Algorithms.CNN[0m
> [0;32mc:\onedrive - university of twente\documenten\research\parcelpoint\ooh_code\run.py[0m(1)[0;36m<module>[0;34m()[0m
[0;32m----> 1 [0;31m[0;32mimport[0m [0mnumpy[0m [0;32mas[0m [0mnp[0m[0;34m[0m[0;34m[0m[0m
[0m[0;32m      2 [0;31m[0;32mimport[0m [0mSrc[0m[0;34m.[0m[0mUtils[0m[0;34m.[0m[0mUtils[0m [0;32mas[0m [0mUtils[0m[0;34m[0m[0;34m[0m[0m
[0m[0;32m      3 [0;31m[0;32mfrom[0m [0mSrc[0m[0;34m.[0m[0mparser[0m [0;32mimport[0m [0mParser[0m[0;34m[0m[0;34m[0m[0m
[0m[0;32m      4 [0;31m[0;32mfrom[0m [0mSrc[0m[0;34m.[0m[0mconfig[0m [0;32mimport[0m [0mConfig[0m[0;34m[0m[0;34m[0m[0m
[0m[0;32m      5 [0;31m[0;32mfrom[0m [0mtime[0m [0;32mimport[0m [0mtime[0m[0;34m[0m[0;34m[0m[0m
[0m
> [0;32mc:\onedrive - university of twente\documenten\research\parcelpoint\ooh_code\src\config.py[0m(58)[0;36m__init__[0;34m()[0m
[0;32m     56 [0;31m        [0;31m#load data[0m[0;34m[0m[0;34m[0m[0m
[0m[0;32m     57 [0;31m        [0;32mif[0m [0margs[0m[0;34m.[0m[0mload_data[0m[0;34m:[0m[0;34m[0m[0;34m[0m[0m
[0m[1;31m129[0;32m> 58 [0;31m            [0mself[0m[0;34m.[0m[0mcoords[0m[0;34m,[0m[0mself[0m[0;34m.[0m[0mdist_matrix[0m[0;34m,[0m[0mself[0m[0;34m.[0m[0mn_parcelpoints[0m[0;34m,[0m[0mself[0m[0;34m.[0m[0madjacency[0m [0;34m=[0m [0mUtils[0m[0;34m.[0m[0mload_demand_data[0m[0;34m([0m[0mself[0m[0;34m.[0m[0mpaths[0m[0;34m[[0m[0;34m'root'[0m[0;34m][0m[0;34m,[0m[0margs[0m[0;34m.[0m[0mcity[0m[0;34m,[0m[0margs[0m[0;34m.[0m[0mdata_seed[0m[0;34m)[0m[0;34m[0m[0;34m[0m[0m
[0m[0;32m     59 [0;31m        [0;32melse[0m[0;34m:[0m[0;34m[0m[0;34m[0m[0m
[0m[0;32m     60 [0;31m            [0mself[0m[0;34m.[0m[0mcoords[0m[0;34m,[0m[0mself[0m[0;34m.[0m[0mdist_matrix[0m[0;34m,[0m[0mself[0m[0;34m.[0m[0mn_parcelpoints[0m[0;34m,[0m[0mself[0m[0;34m.[0m[0madjacency[0m [0;34m=[0m [0;34m[[0m[0;34m][0m[0;34m,[0m[0;34m[[0m[0;34m][0m[0;34m,[0m[0;36m6[0m[0;34m,[0m[0mnp[0m[0;34m.[0m[0mones[0m[0;34m([0m[0;36m6[0m[0;34m)[0m[0;34m[0m[0;34m[0m[0m
[0m
Module path:  Environments.OOH.Parcelpoint_py Parcelpoint_py
Dynamically loaded from:  <class 'Environments.OOH.Parcelpoint_py.Parcelpoint_py'>

 Note: the HGS python implementation (hygese 0.0.0.8) throws an assertion error for coords<0, you will need to outcomment this check in hygese.py 

Module path:  Src.Algorithms.CNN CNN
Dynamically loaded from:  <class 'Src.Algorithms.CNN.CNN'>
=====Configurations=====
 Namespace(seed=1234, save_count=1000, optim='sgd', log_output='term_file', debug=True, save_model=True, timestamp='6|12|16:48:29', folder_suffix='default', experiment='run', algo_name='CNN', env_name='Parcelpoint_py', max_episodes=3000, max_steps_r=700, max_steps_p=0.5, load_data=True, city='Austin', data_seed=0, pricing=True, max_price=5.0, min_price=-5.0, k=1, n_vehicles=2, veh_capacity=20, parcelpoint_capacity=25, incentive_sens=-0.99, base_util=0.2, home_util=0.3, revenue=0.4, fuel_cost=0.1, truck_speed=40, del_time=5, driver_wage=25, reopt=50, grid_dim=50, only_phase_one=False, buffer_size=100, batch_size=1, init_theta_cnn=1.0, cool_theta_cnn=True, load_embed=False, save_routes=False, init_theta=1.0, cool_theta=0.0006666666666666666, offer_all=False)
Actions space: 1048576 :: State space: 4
--Call--
TypeError: unsupported operand type(s) for -: 'Location' and 'Location'
[4;33mReloaded modules[24m: Src.Utils, Environments, Environments.OOH, Environments.OOH.containers, Src.Utils.Utils, Src.parser, Src.config, Environments.OOH.env_utils, Environments.OOH.customerchoice, Environments.OOH.Parcelpoint_py, Src.Algorithms.Agent, Src.Algorithms.CNN[0m
> [0;32mc:\onedrive - university of twente\documenten\research\parcelpoint\ooh_code\run.py[0m(1)[0;36m<module>[0;34m()[0m
[0;32m----> 1 [0;31m[0;32mimport[0m [0mnumpy[0m [0;32mas[0m [0mnp[0m[0;34m[0m[0;34m[0m[0m
[0m[0;32m      2 [0;31m[0;32mimport[0m [0mSrc[0m[0;34m.[0m[0mUtils[0m[0;34m.[0m[0mUtils[0m [0;32mas[0m [0mUtils[0m[0;34m[0m[0;34m[0m[0m
[0m[0;32m      3 [0;31m[0;32mfrom[0m [0mSrc[0m[0;34m.[0m[0mparser[0m [0;32mimport[0m [0mParser[0m[0;34m[0m[0;34m[0m[0m
[0m[0;32m      4 [0;31m[0;32mfrom[0m [0mSrc[0m[0;34m.[0m[0mconfig[0m [0;32mimport[0m [0mConfig[0m[0;34m[0m[0;34m[0m[0m
[0m[0;32m      5 [0;31m[0;32mfrom[0m [0mtime[0m [0;32mimport[0m [0mtime[0m[0;34m[0m[0;34m[0m[0m
[0m
> [0;32mc:\onedrive - university of twente\documenten\research\parcelpoint\ooh_code\src\config.py[0m(58)[0;36m__init__[0;34m()[0m
[0;32m     56 [0;31m        [0;31m#load data[0m[0;34m[0m[0;34m[0m[0m
[0m[0;32m     57 [0;31m        [0;32mif[0m [0margs[0m[0;34m.[0m[0mload_data[0m[0;34m:[0m[0;34m[0m[0;34m[0m[0m
[0m[1;31m129[0;32m> 58 [0;31m            [0mself[0m[0;34m.[0m[0mcoords[0m[0;34m,[0m[0mself[0m[0;34m.[0m[0mdist_matrix[0m[0;34m,[0m[0mself[0m[0;34m.[0m[0mn_parcelpoints[0m[0;34m,[0m[0mself[0m[0;34m.[0m[0madjacency[0m [0;34m=[0m [0mUtils[0m[0;34m.[0m[0mload_demand_data[0m[0;34m([0m[0mself[0m[0;34m.[0m[0mpaths[0m[0;34m[[0m[0;34m'root'[0m[0;34m][0m[0;34m,[0m[0margs[0m[0;34m.[0m[0mcity[0m[0;34m,[0m[0margs[0m[0;34m.[0m[0mdata_seed[0m[0;34m)[0m[0;34m[0m[0;34m[0m[0m
[0m[0;32m     59 [0;31m        [0;32melse[0m[0;34m:[0m[0;34m[0m[0;34m[0m[0m
[0m[0;32m     60 [0;31m            [0mself[0m[0;34m.[0m[0mcoords[0m[0;34m,[0m[0mself[0m[0;34m.[0m[0mdist_matrix[0m[0;34m,[0m[0mself[0m[0;34m.[0m[0mn_parcelpoints[0m[0;34m,[0m[0mself[0m[0;34m.[0m[0madjacency[0m [0;34m=[0m [0;34m[[0m[0;34m][0m[0;34m,[0m[0;34m[[0m[0;34m][0m[0;34m,[0m[0;36m6[0m[0;34m,[0m[0mnp[0m[0;34m.[0m[0mones[0m[0;34m([0m[0;36m6[0m[0;34m)[0m[0;34m[0m[0;34m[0m[0m
[0m
Module path:  Environments.OOH.Parcelpoint_py Parcelpoint_py
Dynamically loaded from:  <class 'Environments.OOH.Parcelpoint_py.Parcelpoint_py'>

 Note: the HGS python implementation (hygese 0.0.0.8) throws an assertion error for coords<0, you will need to outcomment this check in hygese.py 

Module path: m:  <class 'Src.Algorithms.CNN.CNN'>
=====Configurations=====
 Namespace(seed=1234, save_count=1000, optim='sgd', log_output='term_file', debug=True, save_model=True, timestamp='6|12|16:48:29', folder_suffix='default', experiment='run', algo_name='CNN', env_name='Parcelpoint_py', max_episodes=3000, max_steps_r=700, max_steps_p=0.5, load_data=True, city='Austin', data_seed=0, pricing=True, max_price=5.0, min_price=-5.0, k=1, n_vehicles=2, veh_capacity=20, parcelpoint_capacity=25, incentive_sens=-0.99, base_util=0.2, home_util=0.3, revenue=0.4, fuel_cost=0.1, truck_speed=40, del_time=5, driver_wage=25, reopt=50, grid_dim=50, only_phase_one=False, buffer_size=100, batch_size=1, init_theta_cnn=1.0, cool_theta_cnn=True, load_embed=False, save_routes=False, init_theta=1.0, cool_theta=0.0006666666666666666, offer_all=False)
Actions space: 1048576 :: State space: 4
--Call--
TypeError: unsupported operand type(s) for -: 'Location' and 'Location'
[4;33mReloaded modules[24m: Src.Utils, Environments, Environments.OOH, Environments.OOH.containers, Src.Utils.Utils, Src.parser, Src.config, Environments.OOH.env_utils, Environments.OOH.customerchoice, Environments.OOH.Parcelpoint_py, Src.Algorithms.Agent, Src.Algorithms.CNN[0m
> [0;32mc:\onedrive - university of twente\documenten\research\parcelpoint\ooh_code\run.py[0m(1)[0;36m<module>[0;34m()[0m
[0;32m----> 1 [0;31m[0;32mimport[0m [0mnumpy[0m [0;32mas[0m [0mnp[0m[0;34m[0m[0;34m[0m[0m
[0m[0;32m      2 [0;31m[0;32mimport[0m [0mSrc[0m[0;34m.[0m[0mUtils[0m[0;34m.[0m[0mUtils[0m [0;32mas[0m [0mUtils[0m[0;34m[0m[0;34m[0m[0m
[0m[0;32m      3 [0;31m[0;32mfrom[0m [0mSrc[0m[0;34m.[0m[0mparser[0m [0;32mimport[0m [0mParser[0m[0;34m[0m[0;34m[0m[0m
[0m[0;32m      4 [0;31m[0;32mfrom[0m [0mSrc[0m[0;34m.[0m[0mconfig[0m [0;32mimport[0m [0mConfig[0m[0;34m[0m[0;34m[0m[0m
[0m[0;32m      5 [0;31m[0;32mfrom[0m [0mtime[0m [0;32mimport[0m [0mtime[0m[0;34m[0m[0;34m[0m[0m
[0m
> [0;32mc:\onedrive - university of twente\documenten\research\parcelpoint\ooh_code\src\config.py[0m(58)[0;36m__init__[0;34m()[0m
[0;32m     56 [0;31m        [0;31m#load data[0m[0;34m[0m[0;34m[0m[0m
[0m[0;32m     57 [0;31m        [0;32mif[0m [0margs[0m[0;34m.[0m[0mload_data[0m[0;34m:[0m[0;34m[0m[0;34m[0m[0m
[0m[1;31m129[0;32m> 58 [0;31m            [0mself[0m[0;34m.[0m[0mcoords[0m[0;34m,[0m[0mself[0m[0;34m.[0m[0mdist_matrix[0m[0;34m,[0m[0mself[0m[0;34m.[0m[0mn_parcelpoints[0m[0;34m,[0m[0mself[0m[0;34m.[0m[0madjacency[0m [0;34m=[0m [0mUtils[0m[0;34m.[0m[0mload_demand_data[0m[0;34m([0m[0mself[0m[0;34m.[0m[0mpaths[0m[0;34m[[0m[0;34m'root'[0m[0;34m][0m[0;34m,[0m[0margs[0m[0;34m.[0m[0mcity[0m[0;34m,[0m[0margs[0m[0;34m.[0m[0mdata_seed[0m[0;34m)[0m[0;34m[0m[0;34m[0m[0m
[0m[0;32m     59 [0;31m        [0;32melse[0m[0;34m:[0m[0;34m[0m[0;34m[0m[0m
[0m[0;32m     60 [0;31m            [0mself[0m[0;34m.[0m[0mcoords[0m[0;34m,[0m[0mself[0m[0;34m.[0m[0mdist_matrix[0m[0;34m,[0m[0mself[0m[0;34m.[0m[0mn_parcelpoints[0m[0;34m,[0m[0mself[0m[0;34m.[0m[0madjacency[0m [0;34m=[0m [0;34m[[0m[0;34m][0m[0;34m,[0m[0;34m[[0m[0;34m][0m[0;34m,[0m[0;36m6[0m[0;34m,[0m[0mnp[0m[0;34m.[0m[0mones[0m[0;34m([0m[0;36m6[0m[0;34m)[0m[0;34m[0m[0;34m[0m[0m
[0m
Module path:  Environments.OOH.Parcelpoint_py Parcelpoint_py
Dynamically loaded from:  <class 'Environments.OOH.Parcelpoint_py.Parcelpoint_py'>

 Note: the HGS python implementation (hygese 0.0.0.8) throws an assertion error for coords<0, you will need to outcomment this check in hygese.py 

Module path: )[0m[0;34m[0m[0;34m[0m[0m
[0m
Module path:  Environments.OOH.Parcelpoint_py Parcelpoint_py
Dynamically loaded from:  <class 'Environments.OOH.Parcelpoint_py.Parcelpoint_py'>

 Note: the HGS python implementation (hygese 0.0.0.8) throws an assertion error for coords<0, you will need to outcomment this check in hygese.py 

Module path:  Src.Algorithms.CNN CNN
Dynamically loaded from:  <class 'Src.Algorithms.CNN.CNN'>
=====Configurations=====
 Namespace(seed=1234, save_count=1000, optim='sgd', log_output='term_file', debug=True, save_model=True, timestamp='6|12|16:48:29', folder_suffix='default', experiment='run', algo_name='CNN', env_name='Parcelpoint_py', max_episodes=3000, max_steps_r=700, max_steps_p=0.5, load_data=True, city='Austin', data_seed=0, pricing=True, max_price=5.0, min_price=-5.0, k=1, n_vehicles=2, veh_capacity=20, parcelpoint_capacity=25, incentive_sens=-0.99, base_util=0.2, home_util=0.3, revenue=0.4, fuel_cost=0.1, truck_speed=40, del_time=5, driver_wage=25, reopt=50, grid_dim=50, only_phase_one=False, buffer_size=100, batch_size=1, init_theta_cnn=1.0, cool_theta_cnn=True, load_embed=False, save_routes=False, init_theta=1.0, cool_theta=0.0006666666666666666, offer_all=False)
Actions space: 1048576 :: State space: 4
--Call--
TypeError: unsupported operand type(s) for -: 'Location' and 'Location'
[4;33mReloaded modules[24m: Src.Utils, Environments, Environments.OOH, Environments.OOH.containers, Src.Utils.Utils, Src.parser, Src.config, Environments.OOH.env_utils, Environments.OOH.customerchoice, Environments.OOH.Parcelpoint_py, Src.Algorithms.Agent, Src.Algorithms.CNN[0m
> [0;32mc:\onedrive - university of twente\documenten\research\parcelpoint\ooh_code\run.py[0m(1)[0;36m<module>[0;34m()[0m
[0;32m----> 1 [0;31m[0;32mimport[0m [0mnumpy[0m [0;32mas[0m [0mnp[0m[0;34m[0m[0;34m[0m[0m
[0m[0;32m      2 [0;31m[0;32mimport[0m [0mSrc[0m[0;34m.[0m[0mUtils[0m[0;34m.[0m[0mUtils[0m [0;32mas[0m [0mUtils[0m[0;34m[0m[0;34m[0m[0m
[0m[0;32m      3 [0;31m[0;32mfrom[0m [0mSrc[0m[0;34m.[0m[0mparser[0m [0;32mimport[0m [0mParser[0m[0;34m[0m[0;34m[0m[0m
[0m[0;32m      4 [0;31m[0;32mfrom[0m [0mSrc[0m[0;34m.[0m[0mconfig[0m [0;32mimport[0m [0mConfig[0m[0;34m[0m[0;34m[0m[0m
[0m[0;32m      5 [0;31m[0;32mfrom[0m [0mtime[0m [0;32mimport[0m [0mtime[0m[0;34m[0m[0;34m[0m[0m
[0m
> [0;32mc:\onedrive - university of twente\documenten\research\parcelpoint\ooh_code\src\config.py[0m(58)[0;36m__init__[0;34m()[0m
[0;32m     56 [0;31m        [0;31m#load data[0m[0;34m[0m[0;34m[0m[0m
[0m[0;32m     57 [0;31m        [0;32mif[0m [0margs[0m[0;34m.[0m[0mload_data[0m[0;34m:[0m[0;34m[0m[0;34m[0m[0m
[0m[1;31m129[0;32m> 58 [0;31m            [0mself[0m[0;34m.[0m[0mcoords[0m[0;34m,[0m[0mself[0m[0;34m.[0m[0mdist_matrix[0m[0;34m,[0m[0mself[0m[0;34m.[0m[0mn_parcelpoints[0m[0;34m,[0m[0mself[0m[0;34m.[0m[0madjacency[0m [0;34m=[0m [0mUtils[0m[0;34m.[0m[0mload_demand_data[0m[0;34m([0m[0mself[0m[0;34m.[0m[0mpaths[0m[0;34m[[0m[0;34m'root'[0m[0;34m][0m[0;34m,[0m[0margs[0m[0;34m.[0m[0mcity[0m[0;34m,[0m[0margs[0m[0;34m.[0m[0mdata_seed[0m[0;34m)[0m[0;34m[0m[0;34m[0m[0m
[0m[0;32m     59 [0;31m        [0;32melse[0m[0;34m:[0m[0;34m[0m[0;34m[0m[0m
[0m[0;32m     60 [0;31m            [0mself[0m[0;34m.[0m[0mcoords[0m[0;34m,[0m[0mself[0m[0;34m.[0m[0mdist_matrix[0m[0;34m,[0m[0mself[0m[0;34m.[0m[0mn_parcelpoints[0m[0;34m,[0m[0mself[0m[0;34m.[0m[0madjacency[0m [0;34m=[0m [0;34m[[0m[0;34m][0m[0;34m,[0m[0;34m[[0m[0;34m][0m[0;34m,[0m[0;36m6[0m[0;34m,[0m[0mnp[0m[0;34m.[0m[0mones[0m[0;34m([0m[0;36m6[0m[0;34m)[0m[0;34m[0m[0;34m[0m[0m
[0m
Module path:  Environments.OOH.Parcelpoint_py Parcelpoint_py
Dynamically loaded from:  <class 'Environments.OOH.Parcelpoint_py.Parcelpoint_py'>

 Note: the HGS python implementation (hygese 0.0.0.8) throws an assertion error for coords<0, you will need to outcomment this check in hygese.py 

Module path: nten\research\parcelpoint\ooh_code\src\config.py[0m(58)[0;36m__init__[0;34m()[0m
[0;32m     56 [0;31m        [0;31m#load data[0m[0;34m[0m[0;34m[0m[0m
[0m[0;32m     57 [0;31m        [0;32mif[0m [0margs[0m[0;34m.[0m[0mload_data[0m[0;34m:[0m[0;34m[0m[0;34m[0m[0m
[0m[1;31m129[0;32m> 58 [0;31m            [0mself[0m[0;34m.[0m[0mcoords[0m[0;34m,[0m[0mself[0m[0;34m.[0m[0mdist_matrix[0m[0;34m,[0m[0mself[0m[0;34m.[0m[0mn_parcelpoints[0m[0;34m,[0m[0mself[0m[0;34m.[0m[0madjacency[0m [0;34m=[0m [0mUtils[0m[0;34m.[0m[0mload_demand_data[0m[0;34m([0m[0mself[0m[0;34m.[0m[0mpaths[0m[0;34m[[0m[0;34m'root'[0m[0;34m][0m[0;34m,[0m[0margs[0m[0;34m.[0m[0mcity[0m[0;34m,[0m[0margs[0m[0;34m.[0m[0mdata_seed[0m[0;34m)[0m[0;34m[0m[0;34m[0m[0m
[0m[0;32m     59 [0;31m        [0;32melse[0m[0;34m:[0m[0;34m[0m[0;34m[0m[0m
[0m[0;32m     60 [0;31m            [0mself[0m[0;34m.[0m[0mcoords[0m[0;34m,[0m[0mself[0m[0;34m.[0m[0mdist_matrix[0m[0;34m,[0m[0mself[0m[0;34m.[0m[0mn_parcelpoints[0m[0;34m,[0m[0mself[0m[0;34m.[0m[0madjacency[0m [0;34m=[0m [0;34m[[0m[0;34m][0m[0;34m,[0m[0;34m[[0m[0;34m][0m[0;34m,[0m[0;36m6[0m[0;34m,[0m[0mnp[0m[0;34m.[0m[0mones[0m[0;34m([0m[0;36m6[0m[0;34m)[0m[0;34m[0m[0;34m[0m[0m
[0m
Module path:  Environments.OOH.Parcelpoint_py Parcelpoint_py
Dynamically loaded from:  <class 'Environments.OOH.Parcelpoint_py.Parcelpoint_py'>

 Note: the HGS python implementation (hygese 0.0.0.8) throws an assertion error for coords<0, you will need to outcomment this check in hygese.py 

Module path:     56 [0;31m        [0;31m#load data[0m[0;34m[0m[0;34m[0m[0m
[0m[0;32m     57 [0;31m        [0;32mif[0m [0margs[0m[0;34m.[0m[0mload_data[0m[0;34m:[0m[0;34m[0m[0;34m[0m[0m
[0m[1;31m129[0;32m> 58 [0;31m            [0mself[0m[0;34m.[0m[0mcoords[0m[0;34m,[0m[0mself[0m[0;34m.[0m[0mdist_matrix[0m[0;34m,[0m[0mself[0m[0;34m.[0m[0mn_parcelpoints[0m[0;34m,[0m[0mself[0m[0;34m.[0m[0madjacency[0m [0;34m=[0m [0mUtils[0m[0;34m.[0m[0mload_demand_data[0m[0;34m([0m[0mself[0m[0;34m.[0m[0mpaths[0m[0;34m[[0m[0;34m'root'[0m[0;34m][0m[0;34m,[0m[0margs[0m[0;34m.[0m[0mcity[0m[0;34m,[0m[0margs[0m[0;34m.[0m[0mdata_seed[0m[0;34m)[0m[0;34m[0m[0;34m[0m[0m
[0m[0;32m     59 [0;31m        [0;32melse[0m[0;34m:[0m[0;34m[0m[0;34m[0m[0m
[0m[0;32m     60 [0;31m            [0mself[0m[0;34m.[0m[0mcoords[0m[0;34m,[0m[0mself[0m[0;34m.[0m[0mdist_matrix[0m[0;34m,[0m[0mself[0m[0;34m.[0m[0mn_parcelpoints[0m[0;34m,[0m[0mself[0m[0;34m.[0m[0madjacency[0m [0;34m=[0m [0;34m[[0m[0;34m][0m[0;34m,[0m[0;34m[[0m[0;34m][0m[0;34m,[0m[0;36m6[0m[0;34m,[0m[0mnp[0m[0;34m.[0m[0mones[0m[0;34m([0m[0;36m6[0m[0;34m)[0m[0;34m[0m[0;34m[0m[0m
[0m
Module path:  Environments.OOH.Parcelpoint_py Parcelpoint_py
Dynamically loaded from:  <class 'Environments.OOH.Parcelpoint_py.Parcelpoint_py'>

 Note: the HGS python implementation (hygese 0.0.0.8) throws an assertion error for coords<0, you will need to outcomment this check in hygese.py 

Module path: m[0;34m([0m[0;36m6[0m[0;34m)[0m[0;34m[0m[0;34m[0m[0m
[0m
Module path:  Environments.OOH.Parcelpoint_py Parcelpoint_py
Dynamically loaded from:  <class 'Environments.OOH.Parcelpoint_py.Parcelpoint_py'>

 Note: the HGS python implementation (hygese 0.0.0.8) throws an assertion error for coords<0, you will need to outcomment this check in hygese.py 

Module path:  Src.Algorithms.CNN CNN
Dynamically loaded from:  <class 'Src.Algorithms.CNN.CNN'>
=====Configurations=====
 Namespace(seed=1234, save_count=1000, optim='sgd', log_output='term_file', debug=True, save_model=True, timestamp='6|12|16:48:29', folder_suffix='default', experiment='run', algo_name='CNN', env_name='Parcelpoint_py', max_episodes=3000, max_steps_r=700, max_steps_p=0.5, load_data=True, city='Austin', data_seed=0, pricing=True, max_price=5.0, min_price=-5.0, k=1, n_vehicles=2, veh_capacity=20, parcelpoint_capacity=25, incentive_sens=-0.99, base_util=0.2, home_util=0.3, revenue=0.4, fuel_cost=0.1, truck_speed=40, del_time=5, driver_wage=25, reopt=50, grid_dim=50, only_phase_one=False, buffer_size=100, batch_size=1, init_theta_cnn=1.0, cool_theta_cnn=True, load_embed=False, save_routes=False, init_theta=1.0, cool_theta=0.0006666666666666666, offer_all=False)
Actions space: 1048576 :: State space: 4
--Call--
TypeError: unsupported operand type(s) for -: 'Location' and 'Location'
[4;33mReloaded modules[24m: Src.Utils, Environments, Environments.OOH, Environments.OOH.containers, Src.Utils.Utils, Src.parser, Src.config, Environments.OOH.env_utils, Environments.OOH.customerchoice, Environments.OOH.Parcelpoint_py, Src.Algorithms.Agent, Src.Algorithms.CNN[0m
> [0;32mc:\onedrive - university of twente\documenten\research\parcelpoint\ooh_code\run.py[0m(1)[0;36m<module>[0;34m()[0m
[0;32m----> 1 [0;31m[0;32mimport[0m [0mnumpy[0m [0;32mas[0m [0mnp[0m[0;34m[0m[0;34m[0m[0m
[0m[0;32m      2 [0;31m[0;32mimport[0m [0mSrc[0m[0;34m.[0m[0mUtils[0m[0;34m.[0m[0mUtils[0m [0;32mas[0m [0mUtils[0m[0;34m[0m[0;34m[0m[0m
[0m[0;32m      3 [0;31m[0;32mfrom[0m [0mSrc[0m[0;34m.[0m[0mparser[0m [0;32mimport[0m [0mParser[0m[0;34m[0m[0;34m[0m[0m
[0m[0;32m      4 [0;31m[0;32mfrom[0m [0mSrc[0m[0;34m.[0m[0mconfig[0m [0;32mimport[0m [0mConfig[0m[0;34m[0m[0;34m[0m[0m
[0m[0;32m      5 [0;31m[0;32mfrom[0m [0mtime[0m [0;32mimport[0m [0mtime[0m[0;34m[0m[0;34m[0m[0m
[0m
> [0;32mc:\onedrive - university of twente\documenten\research\parcelpoint\ooh_code\src\config.py[0m(58)[0;36m__init__[0;34m()[0m
[0;32m     56 [0;31m        [0;31m#load data[0m[0;34m[0m[0;34m[0m[0m
[0m[0;32m     57 [0;31m        [0;32mif[0m [0margs[0m[0;34m.[0m[0mload_data[0m[0;34m:[0m[0;34m[0m[0;34m[0m[0m
[0m[1;31m129[0;32m> 58 [0;31m            [0mself[0m[0;34m.[0m[0mcoords[0m[0;34m,[0m[0mself[0m[0;34m.[0m[0mdist_matrix[0m[0;34m,[0m[0mself[0m[0;34m.[0m[0mn_parcelpoints[0m[0;34m,[0m[0mself[0m[0;34m.[0m[0madjacency[0m [0;34m=[0m [0mUtils[0m[0;34m.[0m[0mload_demand_data[0m[0;34m([0m[0mself[0m[0;34m.[0m[0mpaths[0m[0;34m[[0m[0;34m'root'[0m[0;34m][0m[0;34m,[0m[0margs[0m[0;34m.[0m[0mcity[0m[0;34m,[0m[0margs[0m[0;34m.[0m[0mdata_seed[0m[0;34m)[0m[0;34m[0m[0;34m[0m[0m
[0m[0;32m     59 [0;31m        [0;32melse[0m[0;34m:[0m[0;34m[0m[0;34m[0m[0m
[0m[0;32m     60 [0;31m            [0mself[0m[0;34m.[0m[0mcoords[0m[0;34m,[0m[0mself[0m[0;34m.[0m[0mdist_matrix[0m[0;34m,[0m[0mself[0m[0;34m.[0m[0mn_parcelpoints[0m[0;34m,[0m[0mself[0m[0;34m.[0m[0madjacency[0m [0;34m=[0m [0;34m[[0m[0;34m][0m[0;34m,[0m[0;34m[[0m[0;34m][0m[0;34m,[0m[0;36m6[0m[0;34m,[0m[0mnp[0m[0;34m.[0m[0mones[0m[0;34m([0m[0;36m6[0m[0;34m)[0m[0;34m[0m[0;34m[0m[0m
[0m
Module path:  Environments.OOH.Parcelpoint_py Parcelpoint_py
Dynamically loaded from:  <class 'Environments.OOH.Parcelpoint_py.Parcelpoint_py'>

 Note: the HGS python implementation (hygese 0.0.0.8) throws an assertion error for coords<0, you will need to outcomment this check in hygese.py 

Module path: 